[2025-05-18 09:23:30] Error: Duplicate entry 'andi@gmail.com' for key 'email'
[2025-05-18 09:23:30] Error: Duplicate entry 'andi@gmail.com' for key 'email'
[2025-05-18 09:23:30] Error: Duplicate entry 'andi@gmail.com' for key 'email'
[2025-05-18 09:23:30] Error: Email already registered
[2025-05-18 09:23:30] Error: Email already registered
[2025-05-18 09:23:30] Error: Duplicate entry 'andi@gmail.com' for key 'email'
[2025-05-18 09:23:30] Error: Duplicate entry 'andi@gmail.com' for key 'email'
[2025-05-18 09:23:30] Error: Duplicate entry 'andi@gmail.com' for key 'email'
[2025-05-18 09:23:30] Error: Email already registered
[2025-05-18 09:23:30] Error: Email already registered
[2025-05-18 09:23:30] Error: Email already registered
[2025-05-18 09:23:30] Error: Email already registered
[2025-05-18 09:23:30] Error: Email already registered
[2025-05-18 09:23:30] Error: Email already registered
[2025-05-18 09:23:30] Error: Email already registered
[2025-05-18 09:23:30] Error: Email already registered
[2025-05-18 09:23:30] Error: Email already registered
[2025-05-18 09:23:30] Error: Email already registered
[2025-05-18 09:23:30] Error: Email already registered
[2025-05-18 09:23:30] Error: Email already registered
[2025-05-18 09:23:30] Error: Email already registered
[2025-05-18 09:23:30] Error: Email already registered
[2025-05-18 09:23:30] Error: Email already registered
[2025-05-18 09:23:30] Error: Email already registered
[2025-05-18 09:23:30] Error: Email already registered
[2025-05-18 09:23:30] Error: Email already registered
[2025-05-18 09:23:30] Error: Email already registered
[2025-05-18 09:23:30] Error: Email already registered
[2025-05-18 09:23:30] Error: Email already registered
[2025-05-18 09:23:30] Error: Email already registered
[2025-05-18 09:23:30] Error: Email already registered
[2025-05-18 09:23:30] Error: Email already registered
[2025-05-18 09:23:30] Error: Email already registered
il.com' for key 'email'
[2025-05-18 09:23:30] Error: Email already registered
[2025-05-18 09:23:30] Error: Email already registered
[2025-05-18 09:23:30] Error: Email already registered
[2025-05-18 09:23:30] Error: Email already registered
[2025-05-18 09:23:30] Error: Email already registered
[2025-05-18 09:23:30] Error: Email already registered
[2025-05-18 09:23:30] Error: Email already registered
[2025-05-18 09:23:30] Error: Email already registered
[2025-05-18 09:23:30] Error: Email already registered
[2025-05-18 09:23:30] Error: Email already registered
[2025-05-18 09:23:30] Error: Email already registered
[2025-05-18 09:23:30] Error: Email already registered
[2025-05-18 09:23:30] Error: Email already registered
[2025-05-18 09:23:30] Error: Email already registered
[2025-05-18 09:23:30] Error: Email already registered
[2025-05-18 09:23:30] Error: Email already registered
[2025-05-18 09:23:30] Error: Email already registered
[2025-05-18 09:23:30] Error: Email already registered
[2025-05-18 09:23:30] Error: Email already registered
[2025-05-18 09:23:30] Error: Email already registered
[2025-05-18 09:23:30] Error: Email already registered
[2025-05-18 09:23:30] Error: Email already registered
[2025-05-18 09:23:30] Error: Email already registered
[2025-05-18 09:23:30] Error: Email already registered
[2025-05-18 09:23:30] Error: Email already registered
[2025-05-18 09:23:30] Error: Email already registered
[2025-05-18 09:23:30] Error: Email already registered
[2025-05-18 09:23:30] Error: Email already registered
[2025-05-18 09:23:30] Error: Email already registered
[2025-05-18 09:23:30] Error: Email already registered
[2025-05-18 09:23:30] Error: Email already registered
[2025-05-18 09:23:30] Error: Email already registered
[2025-05-18 09:23:30] Error: Email already registered
[2025-05-18 09:23:30] Error: Email already registered
[2025-05-18 09:23:30] Error: Email already registered
[2025-05-18 09:23:30] Error: Email already registered
[2025-05-18 09:23:30] Error: Email already registered
[2025-05-18 09:23:30] Error: Email already registered
[2025-05-18 09:23:30] Error: Email already registered
[2025-05-18 09:23:30] Error: Email already registered
[2025-05-18 09:23:30] Error: Email already registered
[2025-05-18 09:23:30] Error: Email already registered
[2025-05-18 09:23:30] Error: Duplicate entry 'andi@gmail.com' for key 'email'
ror: Email already registered
[2025-05-18 09:23:30] Error: Email already registered
[2025-05-18 09:23:30] Error: Email already registered
[2025-05-18 09:23:30] Error: Email already registered
[2025-05-18 09:23:30] Error: Email already registered
[2025-05-18 09:23:30] Error: Email already registered
[2025-05-18 09:23:30] Error: Email already registered
[2025-05-18 09:23:30] Error: Email already registered
[2025-05-18 09:23:30] Error: Email already registered
[2025-05-18 09:23:30] Error: Email already registered
[2025-05-18 09:23:30] Error: Email already registered
[2025-05-18 09:23:30] Error: Email already registered
[2025-05-18 09:23:30] Error: Email already registered
[2025-05-18 09:23:30] Error: Email already registered
[2025-05-18 09:23:30] Error: Email already registered
[2025-05-18 09:23:30] Error: Email already registered
[2025-05-18 09:23:30] Error: Email already registered
[2025-05-18 09:23:30] Error: Email already registered
[2025-05-18 09:23:30] Error: Email already registered
[2025-05-18 09:23:30] Error: Email already registered
[2025-05-18 09:23:30] Error: Email already registered
[2025-05-18 09:23:30] Error: Email already registered
[2025-05-18 09:23:30] Error: Email already registered
[2025-05-18 09:23:30] Error: Email already registered
[2025-05-18 09:23:30] Error: Email already registered
[2025-05-18 09:23:30] Error: Email already registered
[2025-05-18 09:23:30] Error: Email already registered
[2025-05-18 09:23:30] Error: Email already registered
[2025-05-18 09:23:30] Error: Email already registered
[2025-05-18 09:23:30] Error: Email already registered
[2025-05-18 09:23:30] Error: Email already registered
[2025-05-18 09:23:30] Error: Email already registered
[2025-05-18 09:23:30] Error: Email already registered
[2025-05-18 09:23:30] Error: Email already registered
[2025-05-18 09:23:30] Error: Email already registered
[2025-05-18 09:23:30] Error: Email already registered
[2025-05-18 09:23:30] Error: Email already registered
[2025-05-18 09:23:30] Error: Email already registered
[2025-05-18 09:23:30] Error: Email already registered
[2025-05-18 09:23:30] Error: Email already registered
[2025-05-18 09:23:30] Error: Email already registered
[2025-05-18 09:23:30] Error: Email already registered
[2025-05-18 09:23:30] Error: Email already registered
[2025-05-18 09:23:30] Error: Duplicate entry 'andi@gmail.com' for key 'email'
[2025-05-18 09:23:30] Error: Email already registered
[2025-05-18 09:23:30] Error: Email already registered
[2025-05-18 09:23:30] Error: Email already registered
[2025-05-18 09:23:30] Error: Email already registered
[2025-05-18 09:23:30] Error: Email already registered
[2025-05-18 09:23:30] Error: Email already registered
[2025-05-18 09:23:30] Error: Email already registered
[2025-05-18 09:23:30] Error: Email already registered
[2025-05-18 09:23:30] Error: Email already registered
[2025-05-18 09:23:30] Error: Email already registered
[2025-05-18 09:23:30] Error: Email already registered
[2025-05-18 09:23:30] Error: Duplicate entry 'andi@gmail.com' for key 'email'
[2025-05-18 09:23:30] Error: Email already registered
[2025-05-18 09:23:30] Error: Email already registered
[2025-05-18 09:23:30] Error: Email already registered
[2025-05-18 09:23:30] Error: Email already registered
[2025-05-18 09:23:30] Error: Email already registered
[2025-05-18 09:59:13] Error: All fields are required
[2025-05-18 09:59:13] Error: All fields are required
[2025-05-18 09:59:13] Error: All fields are required
[2025-05-18 09:59:13] Error: All fields are required
[2025-05-18 09:59:13] Error: All fields are required
[2025-05-18 09:59:13] Error: All fields are required
[2025-05-18 09:59:13] Error: All fields are required
[2025-05-18 09:59:13] Error: All fields are required
[2025-05-18 09:59:13] Error: All fields are required
[2025-05-18 09:59:13] Error: All fields are required
[2025-05-18 09:59:13] Error: All fields are required
[2025-05-18 09:59:13] Error: All fields are required
[2025-05-18 09:59:13] Error: All fields are required
[2025-05-18 09:59:13] Error: All fields are required
[2025-05-18 09:59:13] Error: All fields are required
[2025-05-18 09:59:13] Error: All fields are required
[2025-05-18 09:59:13] Error: All fields are required
[2025-05-18 09:59:13] Error: All fields are required
[2025-05-18 09:59:13] Error: All fields are required
[2025-05-18 09:59:13] Error: All fields are required
[2025-05-18 09:59:13] Error: All fields are required
[2025-05-18 09:59:13] Error: All fields are required
[2025-05-18 09:59:13] Error: All fields are required
[2025-05-18 09:59:13] Error: All fields are required
[2025-05-18 09:59:13] Error: All fields are required
[2025-05-18 09:59:13] Error: All fields are required
[2025-05-18 09:59:13] Error: All fields are required
[2025-05-18 09:59:13] Error: All fields are required
[2025-05-18 09:59:13] Error: All fields are required
[2025-05-18 09:59:13] Error: All fields are required
[2025-05-18 09:59:13] Error: All fields are required
[2025-05-18 09:59:13] Error: All fields are required
[2025-05-18 09:59:13] Error: All fields are required
[2025-05-18 09:59:13] Error: All fields are required
[2025-05-18 09:59:13] Error: All fields are required
[2025-05-18 09:59:13] Error: All fields are required
[2025-05-18 09:59:13] Error: All fields are required
[2025-05-18 09:59:13] Error: All fields are required
[2025-05-18 09:59:13] Error: All fields are required
[2025-05-18 09:59:13] Error: All fields are required
[2025-05-18 09:59:13] Error: All fields are required
[2025-05-18 09:59:13] Error: All fields are required
[2025-05-18 09:59:13] Error: All fields are required
[2025-05-18 09:59:13] Error: All fields are required
[2025-05-18 09:59:13] Error: All fields are required
[2025-05-18 09:59:13] Error: All fields are required
[2025-05-18 09:59:13] Error: All fields are required
[2025-05-18 09:59:13] Error: All fields are required
[2025-05-18 09:59:13] Error: All fields are required
[2025-05-18 09:59:13] Error: All fields are required
[2025-05-18 09:59:13] Error: All fields are required
[2025-05-18 09:59:13] Error: All fields are required
[2025-05-18 09:59:13] Error: All fields are required
[2025-05-18 09:59:13] Error: All fields are required
[2025-05-18 09:59:13] Error: All fields are required
[2025-05-18 09:59:13] Error: All fields are required
[2025-05-18 09:59:13] Error: All fields are required
[2025-05-18 09:59:13] Error: All fields are required
[2025-05-18 09:59:13] Error: All fields are required
[2025-05-18 09:59:13] Error: All fields are required
[2025-05-18 09:59:13] Error: All fields are required
[2025-05-18 09:59:13] Error: All fields are required
[2025-05-18 09:59:13] Error: All fields are required
[2025-05-18 09:59:13] Error: All fields are required
[2025-05-18 09:59:13] Error: All fields are required
[2025-05-18 09:59:13] Error: All fields are required
[2025-05-18 09:59:13] Error: All fields are required
[2025-05-18 09:59:13] Error: All fields are required
[2025-05-18 09:59:13] Error: All fields are required
[2025-05-18 09:59:13] Error: All fields are required
[2025-05-18 09:59:13] Error: All fields are required
[2025-05-18 09:59:13] Error: All fields are required
[2025-05-18 09:59:13] Error: All fields are required
[2025-05-18 09:59:13] Error: All fields are required
[2025-05-18 09:59:13] Error: All fields are required
[2025-05-18 09:59:13] Error: All fields are required
[2025-05-18 09:59:13] Error: All fields are required
[2025-05-18 09:59:13] Error: All fields are required
[2025-05-18 09:59:13] Error: All fields are required
[2025-05-18 09:59:13] Error: All fields are required
[2025-05-18 09:59:13] Error: All fields are required
[2025-05-18 09:59:13] Error: All fields are required
[2025-05-18 09:59:13] Error: All fields are required
[2025-05-18 09:59:13] Error: All fields are required
[2025-05-18 09:59:13] Error: All fields are required
[2025-05-18 09:59:13] Error: All fields are required
[2025-05-18 09:59:13] Error: All fields are required
[2025-05-18 09:59:13] Error: All fields are required
[2025-05-18 09:59:13] Error: All fields are required
[2025-05-18 09:59:13] Error: All fields are required
[2025-05-18 09:59:13] Error: All fields are required
[2025-05-18 09:59:13] Error: All fields are required
[2025-05-18 09:59:13] Error: All fields are required
[2025-05-18 09:59:13] Error: All fields are required
[2025-05-18 09:59:13] Error: All fields are required
[2025-05-18 09:59:13] Error: All fields are required
[2025-05-18 09:59:13] Error: All fields are required
[2025-05-18 09:59:13] Error: All fields are required
[2025-05-18 09:59:13] Error: All fields are required
[2025-05-18 09:59:13] Error: All fields are required
[2025-05-18 09:59:13] Error: All fields are required
[2025-05-18 09:59:13] Error: All fields are required
[2025-05-18 09:59:13] Error: All fields are required
[2025-05-18 09:59:13] Error: All fields are required
[2025-05-18 09:59:13] Error: All fields are required
[2025-05-18 09:59:13] Error: All fields are required
[2025-05-18 09:59:13] Error: All fields are required
[2025-05-18 09:59:13] Error: All fields are required
[2025-05-18 09:59:13] Error: All fields are required
[2025-05-18 09:59:13] Error: All fields are required
[2025-05-18 09:59:13] Error: All fields are required
[2025-05-18 09:59:13] Error: All fields are required
[2025-05-18 09:59:13] Error: All fields are required
[2025-05-18 09:59:13] Error: All fields are required
[2025-05-18 09:59:13] Error: All fields are required
[2025-05-18 09:59:13] Error: All fields are required
[2025-05-18 09:59:13] Error: All fields are required
[2025-05-18 09:59:13] Error: All fields are required
[2025-05-18 09:59:13] Error: All fields are required
[2025-05-18 09:59:13] Error: All fields are required
[2025-05-18 09:59:13] Error: All fields are required
[2025-05-18 09:59:13] Error: All fields are required
[2025-05-18 09:59:13] Error: All fields are required
[2025-05-18 09:59:13] Error: All fields are required
[2025-05-18 09:59:13] Error: All fields are required
[2025-05-18 09:59:13] Error: All fields are required
[2025-05-18 09:59:13] Error: All fields are required
[2025-05-18 09:59:13] Error: All fields are required
[2025-05-18 09:59:13] Error: All fields are required
[2025-05-18 09:59:13] Error: All fields are required
[2025-05-18 09:59:13] Error: All fields are required
[2025-05-18 09:59:13] Error: All fields are required
[2025-05-18 09:59:13] Error: All fields are required
[2025-05-18 09:59:13] Error: All fields are required
[2025-05-18 09:59:13] Error: All fields are required
[2025-05-18 09:59:13] Error: All fields are required
[2025-05-18 09:59:13] Error: All fields are required
[2025-05-18 09:59:13] Error: All fields are required
[2025-05-18 09:59:13] Error: All fields are required
[2025-05-18 09:59:13] Error: All fields are required
[2025-05-18 09:59:13] Error: All fields are required
[2025-05-18 09:59:13] Error: All fields are required
[2025-05-18 09:59:13] Error: All fields are required
[2025-05-18 09:59:13] Error: All fields are required
[2025-05-18 09:59:13] Error: All fields are required
[2025-05-18 09:59:13] Error: All fields are required
[2025-05-18 09:59:13] Error: All fields are required
[2025-05-18 09:59:13] Error: All fields are required
[2025-05-18 09:59:13] Error: All fields are required
[2025-05-18 09:59:13] Error: All fields are required
[2025-05-18 09:59:13] Error: All fields are required
[2025-05-18 09:59:13] Error: All fields are required
[2025-05-18 09:59:13] Error: All fields are required
[2025-05-18 09:59:13] Error: All fields are required
[2025-05-18 09:59:13] Error: All fields are required
[2025-05-18 09:59:13] Error: All fields are required
[2025-05-18 09:59:13] Error: All fields are required
[2025-05-18 09:59:13] Error: All fields are required
[2025-05-18 09:59:13] Error: All fields are required
[2025-05-18 09:59:13] Error: All fields are required
[2025-05-18 09:59:13] Error: All fields are required
[2025-05-18 09:59:13] Error: All fields are required
[2025-05-18 09:59:13] Error: All fields are required
[2025-05-18 09:59:13] Error: All fields are required
[2025-05-18 09:59:13] Error: All fields are required
[2025-05-18 09:59:13] Error: All fields are required
[2025-05-18 09:59:13] Error: All fields are required
[2025-05-18 09:59:13] Error: All fields are required
[2025-05-18 09:59:13] Error: All fields are required
[2025-05-18 09:59:13] Error: All fields are required
[2025-05-18 09:59:13] Error: All fields are required
[2025-05-18 09:59:13] Error: All fields are required
[2025-05-18 09:59:13] Error: All fields are required
[2025-05-18 09:59:13] Error: All fields are required
[2025-05-18 09:59:13] Error: All fields are required
[2025-05-18 09:59:13] Error: All fields are required
[2025-05-18 09:59:13] Error: All fields are required
[2025-05-18 09:59:13] Error: All fields are required
[2025-05-18 09:59:13] Error: All fields are required
[2025-05-18 09:59:13] Error: All fields are required
[2025-05-18 09:59:13] Error: All fields are required
[2025-05-18 09:59:13] Error: All fields are required
[2025-05-18 09:59:13] Error: All fields are required
[2025-05-18 10:10:42] Error: All fields are required
[2025-05-18 10:10:42] Error: All fields are required
[2025-05-18 10:10:42] Error: All fields are required
[2025-05-18 10:10:42] Error: All fields are required
[2025-05-18 10:10:42] Error: All fields are required
[2025-05-18 10:10:42] Error: All fields are required
[2025-05-18 10:10:42] Error: All fields are required
[2025-05-18 10:10:42] Error: All fields are required
[2025-05-18 10:10:42] Error: All fields are required
[2025-05-18 10:10:42] Error: All fields are required
[2025-05-18 10:10:42] Error: All fields are required
[2025-05-18 10:10:42] Error: All fields are required
[2025-05-18 10:10:42] Error: All fields are required
[2025-05-18 10:10:42] Error: All fields are required
[2025-05-18 10:10:42] Error: All fields are required
[2025-05-18 10:10:42] Error: All fields are required
[2025-05-18 10:10:42] Error: All fields are required
[2025-05-18 10:10:42] Error: All fields are required
[2025-05-18 10:10:42] Error: All fields are required
[2025-05-18 10:10:42] Error: All fields are required
[2025-05-18 10:10:42] Error: All fields are required
[2025-05-18 10:10:42] Error: All fields are required
[2025-05-18 10:10:42] Error: All fields are required
[2025-05-18 10:10:42] Error: All fields are required
[2025-05-18 10:10:42] Error: All fields are required
[2025-05-18 10:10:42] Error: All fields are required
[2025-05-18 10:10:42] Error: All fields are required
[2025-05-18 10:10:42] Error: All fields are required
[2025-05-18 10:10:42] Error: All fields are required
[2025-05-18 10:10:42] Error: All fields are required
[2025-05-18 10:10:42] Error: All fields are required
[2025-05-18 10:10:42] Error: All fields are required
[2025-05-18 10:10:42] Error: All fields are required
[2025-05-18 10:10:42] Error: All fields are required
[2025-05-18 10:10:42] Error: All fields are required
[2025-05-18 10:10:42] Error: All fields are required
[2025-05-18 10:10:42] Error: All fields are required
[2025-05-18 10:10:42] Error: All fields are required
[2025-05-18 10:10:42] Error: All fields are required
[2025-05-18 10:10:42] Error: All fields are required
[2025-05-18 10:10:42] Error: All fields are required
[2025-05-18 10:10:42] Error: All fields are required
[2025-05-18 10:10:42] Error: All fields are required
[2025-05-18 10:10:42] Error: All fields are required
[2025-05-18 10:10:42] Error: All fields are required
[2025-05-18 10:10:42] Error: All fields are required
[2025-05-18 10:10:42] Error: All fields are required
[2025-05-18 10:10:42] Error: All fields are required
[2025-05-18 10:10:42] Error: All fields are required
[2025-05-18 10:10:42] Error: All fields are required
[2025-05-18 10:10:42] Error: All fields are required
[2025-05-18 10:10:42] Error: All fields are required
[2025-05-18 10:10:42] Error: All fields are required
[2025-05-18 10:10:42] Error: All fields are required
[2025-05-18 10:10:42] Error: All fields are required
[2025-05-18 10:10:42] Error: All fields are required
[2025-05-18 10:10:42] Error: All fields are required
[2025-05-18 10:10:42] Error: All fields are required
[2025-05-18 10:10:42] Error: All fields are required
[2025-05-18 10:10:42] Error: All fields are required
[2025-05-18 10:10:42] Error: All fields are required
[2025-05-18 10:10:42] Error: All fields are required
[2025-05-18 10:10:42] Error: All fields are required
[2025-05-18 10:10:42] Error: All fields are required
[2025-05-18 10:10:42] Error: All fields are required
[2025-05-18 10:10:42] Error: All fields are required
[2025-05-18 10:10:42] Error: All fields are required
[2025-05-18 10:10:42] Error: All fields are required
[2025-05-18 10:10:42] Error: All fields are required
[2025-05-18 10:10:42] Error: All fields are required
[2025-05-18 10:10:42] Error: All fields are required
[2025-05-18 10:10:42] Error: All fields are required
[2025-05-18 10:10:42] Error: All fields are required
[2025-05-18 10:10:42] Error: All fields are required
[2025-05-18 10:10:42] Error: All fields are required
[2025-05-18 10:10:42] Error: All fields are required
[2025-05-18 10:10:42] Error: All fields are required
[2025-05-18 10:10:42] Error: All fields are required
[2025-05-18 10:10:42] Error: All fields are required
[2025-05-18 10:10:42] Error: All fields are required
[2025-05-18 10:10:42] Error: All fields are required
[2025-05-18 10:10:42] Error: All fields are required
[2025-05-18 10:10:42] Error: All fields are required
[2025-05-18 10:10:42] Error: All fields are required
[2025-05-18 10:10:42] Error: All fields are required
[2025-05-18 10:10:42] Error: All fields are required
[2025-05-18 10:10:42] Error: All fields are required
[2025-05-18 10:10:42] Error: All fields are required
[2025-05-18 10:10:42] Error: All fields are required
[2025-05-18 10:10:42] Error: All fields are required
[2025-05-18 10:10:42] Error: All fields are required
[2025-05-18 10:10:42] Error: All fields are required
[2025-05-18 10:10:42] Error: All fields are required
[2025-05-18 10:10:42] Error: All fields are required
[2025-05-18 10:10:42] Error: All fields are required
[2025-05-18 10:10:42] Error: All fields are required
[2025-05-18 10:10:42] Error: All fields are required
[2025-05-18 10:10:42] Error: All fields are required
[2025-05-18 10:10:42] Error: All fields are required
[2025-05-18 10:10:42] Error: All fields are required
[2025-05-18 10:10:42] Error: All fields are required
[2025-05-18 10:10:42] Error: All fields are required
[2025-05-18 10:10:42] Error: All fields are required
[2025-05-18 10:10:42] Error: All fields are required
[2025-05-18 10:10:42] Error: All fields are required
[2025-05-18 10:10:42] Error: All fields are required
[2025-05-18 10:10:42] Error: All fields are required
[2025-05-18 10:10:42] Error: All fields are required
[2025-05-18 10:10:42] Error: All fields are required
[2025-05-18 10:10:42] Error: All fields are required
[2025-05-18 10:10:42] Error: All fields are required
[2025-05-18 10:10:42] Error: All fields are required
[2025-05-18 10:10:42] Error: All fields are required
[2025-05-18 10:10:42] Error: All fields are required
[2025-05-18 10:10:42] Error: All fields are required
[2025-05-18 10:10:42] Error: All fields are required
[2025-05-18 10:10:42] Error: All fields are required
[2025-05-18 10:10:42] Error: All fields are required
[2025-05-18 10:10:42] Error: All fields are required
[2025-05-18 10:10:42] Error: All fields are required
[2025-05-18 10:10:42] Error: All fields are required
[2025-05-18 10:10:42] Error: All fields are required
[2025-05-18 10:10:42] Error: All fields are required
[2025-05-18 10:10:42] Error: All fields are required
[2025-05-18 10:10:42] Error: All fields are required
[2025-05-18 10:10:42] Error: All fields are required
[2025-05-18 10:10:42] Error: All fields are required
[2025-05-18 10:10:42] Error: All fields are required
[2025-05-18 10:10:42] Error: All fields are required
[2025-05-18 10:10:42] Error: All fields are required
[2025-05-18 10:10:42] Error: All fields are required
[2025-05-18 10:10:42] Error: All fields are required
[2025-05-18 10:10:42] Error: All fields are required
[2025-05-18 10:10:42] Error: All fields are required
[2025-05-18 10:10:42] Error: All fields are required
[2025-05-18 10:10:42] Error: All fields are required
[2025-05-18 10:10:42] Error: All fields are required
[2025-05-18 10:10:42] Error: All fields are required
[2025-05-18 10:10:42] Error: All fields are required
[2025-05-18 10:10:42] Error: All fields are required
[2025-05-18 10:10:42] Error: All fields are required
[2025-05-18 10:10:42] Error: All fields are required
[2025-05-18 10:10:42] Error: All fields are required
[2025-05-18 10:10:42] Error: All fields are required
[2025-05-18 10:10:42] Error: All fields are required
[2025-05-18 10:10:42] Error: All fields are required
[2025-05-18 10:10:42] Error: All fields are required
[2025-05-18 10:10:42] Error: All fields are required
[2025-05-18 10:10:42] Error: All fields are required
[2025-05-18 10:10:42] Error: All fields are required
[2025-05-18 10:10:42] Error: All fields are required
[2025-05-18 10:10:42] Error: All fields are required
[2025-05-18 10:10:42] Error: All fields are required
[2025-05-18 10:10:42] Error: All fields are required
[2025-05-18 10:10:42] Error: All fields are required
[2025-05-18 10:10:42] Error: All fields are required
[2025-05-18 10:10:42] Error: All fields are required
[2025-05-18 10:10:42] Error: All fields are required
[2025-05-18 10:10:42] Error: All fields are required
[2025-05-18 10:10:42] Error: All fields are required
[2025-05-18 10:10:42] Error: All fields are required
[2025-05-18 10:10:42] Error: All fields are required
[2025-05-18 10:10:42] Error: All fields are required
[2025-05-18 10:10:42] Error: All fields are required
[2025-05-18 10:10:42] Error: All fields are required
[2025-05-18 10:10:42] Error: All fields are required
[2025-05-18 10:10:42] Error: All fields are required
[2025-05-18 10:10:42] Error: All fields are required
[2025-05-18 10:10:42] Error: All fields are required
[2025-05-18 10:10:42] Error: All fields are required
[2025-05-18 10:10:42] Error: All fields are required
[2025-05-18 10:10:42] Error: All fields are required
[2025-05-18 10:10:42] Error: All fields are required
[2025-05-18 10:10:42] Error: All fields are required
[2025-05-18 10:10:42] Error: All fields are required
[2025-05-18 10:10:42] Error: All fields are required
[2025-05-18 10:10:42] Error: All fields are required
[2025-05-18 10:10:42] Error: All fields are required
[2025-05-18 10:10:42] Error: All fields are required
[2025-05-18 10:10:42] Error: All fields are required
[2025-05-18 10:10:42] Error: All fields are required
[2025-05-18 10:10:42] Error: All fields are required
[2025-05-18 10:10:42] Error: All fields are required
[2025-05-18 10:10:42] Error: All fields are required
[2025-05-18 10:10:42] Error: All fields are required
[2025-05-18 10:10:42] Error: All fields are required
[2025-05-18 10:10:42] Error: All fields are required
[2025-05-18 10:10:42] Error: All fields are required
[2025-05-18 12:20:34] Error: All fields are required
[2025-05-18 12:20:34] Error: All fields are required
[2025-05-18 12:20:34] Error: All fields are required
[2025-05-18 12:20:34] Error: All fields are required
[2025-05-18 12:20:34] Error: All fields are required
[2025-05-18 12:20:34] Error: All fields are required
[2025-05-18 12:20:34] Error: All fields are required
[2025-05-18 12:20:34] Error: All fields are required
[2025-05-18 12:20:34] Error: All fields are required
[2025-05-18 12:20:34] Error: All fields are required
[2025-05-18 12:20:34] Error: All fields are required
[2025-05-18 12:20:34] Error: All fields are required
[2025-05-18 12:20:34] Error: All fields are required
[2025-05-18 12:20:34] Error: All fields are required
[2025-05-18 12:20:34] Error: All fields are required
[2025-05-18 12:20:34] Error: All fields are required
[2025-05-18 12:20:34] Error: All fields are required
[2025-05-18 12:20:34] Error: All fields are required
[2025-05-18 12:20:34] Error: All fields are required
[2025-05-18 12:20:34] Error: All fields are required
[2025-05-18 12:20:34] Error: All fields are required
[2025-05-18 12:20:34] Error: All fields are required
[2025-05-18 12:20:34] Error: All fields are required
[2025-05-18 12:20:34] Error: All fields are required
[2025-05-18 12:20:34] Error: All fields are required
[2025-05-18 12:20:34] Error: All fields are required
[2025-05-18 12:20:34] Error: All fields are required
[2025-05-18 12:20:34] Error: All fields are required
[2025-05-18 12:20:34] Error: All fields are required
[2025-05-18 12:20:34] Error: All fields are required
[2025-05-18 12:20:34] Error: All fields are required
[2025-05-18 12:20:34] Error: All fields are required
[2025-05-18 12:20:34] Error: All fields are required
[2025-05-18 12:20:34] Error: All fields are required
[2025-05-18 12:20:34] Error: All fields are required
[2025-05-18 12:20:34] Error: All fields are required
[2025-05-18 12:20:34] Error: All fields are required
[2025-05-18 12:20:34] Error: All fields are required
[2025-05-18 12:20:34] Error: All fields are required
[2025-05-18 12:20:34] Error: All fields are required
[2025-05-18 12:20:34] Error: All fields are required
[2025-05-18 12:20:34] Error: All fields are required
[2025-05-18 12:20:34] Error: All fields are required
[2025-05-18 12:20:34] Error: All fields are required
[2025-05-18 12:20:34] Error: All fields are required
[2025-05-18 12:20:34] Error: All fields are required
[2025-05-18 12:20:34] Error: All fields are required
[2025-05-18 12:20:34] Error: All fields are required
[2025-05-18 12:20:34] Error: All fields are required
[2025-05-18 12:20:34] Error: All fields are required
[2025-05-18 12:20:34] Error: All fields are required
[2025-05-18 12:20:34] Error: All fields are required
[2025-05-18 12:20:34] Error: All fields are required
[2025-05-18 12:20:34] Error: All fields are required
[2025-05-18 12:20:34] Error: All fields are required
[2025-05-18 12:20:34] Error: All fields are required
[2025-05-18 12:20:34] Error: All fields are required
[2025-05-18 12:20:34] Error: All fields are required
[2025-05-18 12:20:34] Error: All fields are required
[2025-05-18 12:20:34] Error: All fields are required
[2025-05-18 12:20:34] Error: All fields are required
[2025-05-18 12:20:34] Error: All fields are required
[2025-05-18 12:20:34] Error: All fields are required
[2025-05-18 12:20:34] Error: All fields are required
[2025-05-18 12:20:34] Error: All fields are required
[2025-05-18 12:20:34] Error: All fields are required
[2025-05-18 12:20:34] Error: All fields are required
[2025-05-18 12:20:34] Error: All fields are required
[2025-05-18 12:20:34] Error: All fields are required
[2025-05-18 12:20:34] Error: All fields are required
[2025-05-18 12:20:34] Error: All fields are required
[2025-05-18 12:20:34] Error: All fields are required
[2025-05-18 12:20:34] Error: All fields are required
[2025-05-18 12:20:34] Error: All fields are required
[2025-05-18 12:20:34] Error: All fields are required
[2025-05-18 12:20:34] Error: All fields are required
[2025-05-18 12:20:34] Error: All fields are required
[2025-05-18 12:20:34] Error: All fields are required
[2025-05-18 12:20:34] Error: All fields are required
[2025-05-18 12:20:34] Error: All fields are required
[2025-05-18 12:20:34] Error: All fields are required
[2025-05-18 12:20:34] Error: All fields are required
[2025-05-18 12:20:34] Error: All fields are required
[2025-05-18 12:20:34] Error: All fields are required
[2025-05-18 12:20:34] Error: All fields are required
[2025-05-18 12:20:34] Error: All fields are required
[2025-05-18 12:20:34] Error: All fields are required
[2025-05-18 12:20:34] Error: All fields are required
[2025-05-18 12:20:34] Error: All fields are required
[2025-05-18 12:20:34] Error: All fields are required
[2025-05-18 12:20:34] Error: All fields are required
[2025-05-18 12:20:34] Error: All fields are required
[2025-05-18 12:20:34] Error: All fields are required
[2025-05-18 12:20:34] Error: All fields are required
[2025-05-18 12:20:34] Error: All fields are required
[2025-05-18 12:20:34] Error: All fields are required
[2025-05-18 12:20:34] Error: All fields are required
[2025-05-18 12:20:34] Error: All fields are required
[2025-05-18 12:20:34] Error: All fields are required
[2025-05-18 12:20:34] Error: All fields are required
[2025-05-18 12:20:34] Error: All fields are required
[2025-05-18 12:20:34] Error: All fields are required
[2025-05-18 12:20:34] Error: All fields are required
[2025-05-18 12:20:34] Error: All fields are required
[2025-05-18 12:20:34] Error: All fields are required
[2025-05-18 12:20:34] Error: All fields are required
[2025-05-18 12:20:34] Error: All fields are required
[2025-05-18 12:20:34] Error: All fields are required
[2025-05-18 12:20:34] Error: All fields are required
[2025-05-18 12:20:34] Error: All fields are required
[2025-05-18 12:20:34] Error: All fields are required
[2025-05-18 12:20:34] Error: All fields are required
[2025-05-18 12:20:34] Error: All fields are required
[2025-05-18 12:20:34] Error: All fields are required
[2025-05-18 12:20:34] Error: All fields are required
[2025-05-18 12:20:34] Error: All fields are required
[2025-05-18 12:20:34] Error: All fields are required
[2025-05-18 12:20:34] Error: All fields are required
[2025-05-18 12:20:34] Error: All fields are required
[2025-05-18 12:20:34] Error: All fields are required
[2025-05-18 12:20:34] Error: All fields are required
[2025-05-18 12:20:34] Error: All fields are required
[2025-05-18 12:20:34] Error: All fields are required
[2025-05-18 12:20:34] Error: All fields are required
[2025-05-18 12:20:34] Error: All fields are required
[2025-05-18 12:20:34] Error: All fields are required
[2025-05-18 12:20:34] Error: All fields are required
[2025-05-18 12:20:34] Error: All fields are required
[2025-05-18 12:20:34] Error: All fields are required
[2025-05-18 12:20:34] Error: All fields are required
[2025-05-18 12:20:34] Error: All fields are required
[2025-05-18 12:20:34] Error: All fields are required
[2025-05-18 12:20:34] Error: All fields are required
[2025-05-18 12:20:34] Error: All fields are required
[2025-05-18 12:20:34] Error: All fields are required
[2025-05-18 12:20:34] Error: All fields are required
[2025-05-18 12:20:34] Error: All fields are required
[2025-05-18 12:20:34] Error: All fields are required
[2025-05-18 12:20:34] Error: All fields are required
[2025-05-18 12:20:34] Error: All fields are required
[2025-05-18 12:20:34] Error: All fields are required
[2025-05-18 12:20:38] Error: All fields are required
[2025-05-18 12:20:38] Error: All fields are required
[2025-05-18 12:20:38] Error: All fields are required
[2025-05-18 12:20:38] Error: All fields are required
[2025-05-18 12:20:38] Error: All fields are required
[2025-05-18 12:20:38] Error: All fields are required
[2025-05-18 12:20:38] Error: All fields are required
[2025-05-18 12:20:38] Error: All fields are required
[2025-05-18 12:20:38] Error: All fields are required
[2025-05-18 12:20:38] Error: All fields are required
[2025-05-18 12:20:38] Error: All fields are required
[2025-05-18 12:20:38] Error: All fields are required
[2025-05-18 12:20:38] Error: All fields are required
[2025-05-18 12:20:38] Error: All fields are required
[2025-05-18 12:20:38] Error: All fields are required
[2025-05-18 12:20:38] Error: All fields are required
[2025-05-18 12:20:38] Error: All fields are required
[2025-05-18 12:20:38] Error: All fields are required
[2025-05-18 12:20:38] Error: All fields are required
[2025-05-18 12:20:38] Error: All fields are required
[2025-05-18 12:20:38] Error: All fields are required
[2025-05-18 12:20:38] Error: All fields are required
[2025-05-18 12:20:38] Error: All fields are required
[2025-05-18 12:20:38] Error: All fields are required
[2025-05-18 12:20:38] Error: All fields are required
[2025-05-18 12:20:38] Error: All fields are required
[2025-05-18 12:20:38] Error: All fields are required
[2025-05-18 12:20:38] Error: All fields are required
[2025-05-18 12:20:38] Error: All fields are required
[2025-05-18 12:20:38] Error: All fields are required
[2025-05-18 12:20:38] Error: All fields are required
[2025-05-18 12:20:38] Error: All fields are required
[2025-05-18 12:20:38] Error: All fields are required
[2025-05-18 12:20:38] Error: All fields are required
[2025-05-18 12:20:38] Error: All fields are required
[2025-05-18 12:20:38] Error: All fields are required
[2025-05-18 12:20:38] Error: All fields are required
[2025-05-18 12:20:38] Error: All fields are required
[2025-05-18 12:20:38] Error: All fields are required
[2025-05-18 12:20:38] Error: All fields are required
[2025-05-18 12:20:38] Error: All fields are required
[2025-05-18 12:20:38] Error: All fields are required
[2025-05-18 12:20:38] Error: All fields are required
[2025-05-18 12:20:38] Error: All fields are required
[2025-05-18 12:20:38] Error: All fields are required
[2025-05-18 12:20:38] Error: All fields are required
[2025-05-18 12:20:38] Error: All fields are required
[2025-05-18 12:20:38] Error: All fields are required
[2025-05-18 12:20:38] Error: All fields are required
[2025-05-18 12:20:38] Error: All fields are required
[2025-05-18 12:20:38] Error: All fields are required
[2025-05-18 12:20:38] Error: All fields are required
[2025-05-18 12:20:38] Error: All fields are required
[2025-05-18 12:20:38] Error: All fields are required
[2025-05-18 12:20:38] Error: All fields are required
[2025-05-18 12:20:38] Error: All fields are required
[2025-05-18 12:20:38] Error: All fields are required
[2025-05-18 12:20:38] Error: All fields are required
[2025-05-18 12:20:38] Error: All fields are required
[2025-05-18 12:20:38] Error: All fields are required
[2025-05-18 12:20:38] Error: All fields are required
[2025-05-18 12:20:38] Error: All fields are required
[2025-05-18 12:20:38] Error: All fields are required
[2025-05-18 12:20:38] Error: All fields are required
[2025-05-18 12:20:38] Error: All fields are required
[2025-05-18 12:20:38] Error: All fields are required
[2025-05-18 12:20:38] Error: All fields are required
[2025-05-18 12:20:38] Error: All fields are required
[2025-05-18 12:20:38] Error: All fields are required
[2025-05-18 12:20:38] Error: All fields are required
[2025-05-18 12:20:38] Error: All fields are required
[2025-05-18 12:20:38] Error: All fields are required
[2025-05-18 12:20:38] Error: All fields are required
[2025-05-18 12:20:38] Error: All fields are required
[2025-05-18 12:20:38] Error: All fields are required
[2025-05-18 12:20:38] Error: All fields are required
[2025-05-18 12:20:38] Error: All fields are required
[2025-05-18 12:20:38] Error: All fields are required
[2025-05-18 12:20:38] Error: All fields are required
[2025-05-18 12:20:38] Error: All fields are required
[2025-05-18 12:20:38] Error: All fields are required
[2025-05-18 12:20:38] Error: All fields are required
[2025-05-18 12:20:38] Error: All fields are required
[2025-05-18 12:20:38] Error: All fields are required
[2025-05-18 12:20:38] Error: All fields are required
[2025-05-18 12:20:38] Error: All fields are required
[2025-05-18 12:20:38] Error: All fields are required
[2025-05-18 12:20:38] Error: All fields are required
[2025-05-18 12:20:38] Error: All fields are required
[2025-05-18 12:20:38] Error: All fields are required
[2025-05-18 12:20:38] Error: All fields are required
[2025-05-18 12:20:38] Error: All fields are required
[2025-05-18 12:20:38] Error: All fields are required
[2025-05-18 12:20:38] Error: All fields are required
[2025-05-18 12:20:38] Error: All fields are required
[2025-05-18 12:20:38] Error: All fields are required
[2025-05-18 12:20:38] Error: All fields are required
[2025-05-18 12:20:38] Error: All fields are required
[2025-05-18 12:20:38] Error: All fields are required
[2025-05-18 12:20:38] Error: All fields are required
[2025-05-18 12:20:38] Error: All fields are required
[2025-05-18 12:20:38] Error: All fields are required
[2025-05-18 12:20:38] Error: All fields are required
[2025-05-18 12:20:38] Error: All fields are required
[2025-05-18 12:20:38] Error: All fields are required
[2025-05-18 12:20:38] Error: All fields are required
[2025-05-18 12:20:38] Error: All fields are required
[2025-05-18 12:20:38] Error: All fields are required
[2025-05-18 12:20:38] Error: All fields are required
[2025-05-18 12:20:38] Error: All fields are required
[2025-05-18 12:20:38] Error: All fields are required
[2025-05-18 12:20:38] Error: All fields are required
[2025-05-18 12:20:38] Error: All fields are required
[2025-05-18 12:20:38] Error: All fields are required
[2025-05-18 12:20:38] Error: All fields are required
[2025-05-18 12:20:38] Error: All fields are required
[2025-05-18 12:20:38] Error: All fields are required
[2025-05-18 12:20:38] Error: All fields are required
[2025-05-18 12:20:38] Error: All fields are required
[2025-05-18 12:20:38] Error: All fields are required
[2025-05-18 12:20:38] Error: All fields are required
[2025-05-18 12:20:38] Error: All fields are required
[2025-05-18 12:20:38] Error: All fields are required
[2025-05-18 12:20:38] Error: All fields are required
[2025-05-18 12:20:38] Error: All fields are required
[2025-05-18 12:20:38] Error: All fields are required
[2025-05-18 12:20:38] Error: All fields are required
[2025-05-18 12:20:38] Error: All fields are required
[2025-05-18 12:20:38] Error: All fields are required
[2025-05-18 12:20:38] Error: All fields are required
[2025-05-18 12:20:38] Error: All fields are required
[2025-05-18 12:20:38] Error: All fields are required
[2025-05-18 12:20:38] Error: All fields are required
[2025-05-18 12:20:38] Error: All fields are required
[2025-05-18 12:20:38] Error: All fields are required
[2025-05-18 12:20:38] Error: All fields are required
[2025-05-18 12:20:38] Error: All fields are required
[2025-05-18 12:20:38] Error: All fields are required
[2025-05-18 12:20:38] Error: All fields are required
[2025-05-18 12:20:38] Error: All fields are required
[2025-05-18 12:20:38] Error: All fields are required
[2025-05-18 12:20:38] Error: All fields are required
[2025-05-18 12:20:38] Error: All fields are required
[2025-05-18 12:20:38] Error: All fields are required
[2025-05-18 12:20:38] Error: All fields are required
[2025-05-18 12:20:38] Error: All fields are required
[2025-05-18 12:20:38] Error: All fields are required
[2025-05-18 12:20:38] Error: All fields are required
[2025-05-18 12:20:38] Error: All fields are required
[2025-05-18 12:20:38] Error: All fields are required
[2025-05-18 12:20:38] Error: All fields are required
[2025-05-18 12:20:38] Error: All fields are required
[2025-05-18 12:20:38] Error: All fields are required
[2025-05-18 12:20:38] Error: All fields are required
[2025-05-18 12:24:32] Error: Invalid JSON input
[2025-05-18 12:24:32] Error: Invalid JSON input
[2025-05-18 12:24:32] Error: Invalid JSON input
[2025-05-18 12:24:32] Error: Invalid JSON input
[2025-05-18 12:24:32] Error: Invalid JSON input
[2025-05-18 12:24:32] Error: Invalid JSON input
[2025-05-18 12:24:32] Error: Invalid JSON input
[2025-05-18 12:24:32] Error: Invalid JSON input
[2025-05-18 12:24:32] Error: Invalid JSON input
[2025-05-18 12:24:32] Error: Invalid JSON input
[2025-05-18 12:24:32] Error: Invalid JSON input
[2025-05-18 12:24:32] Error: Invalid JSON input
[2025-05-18 12:24:32] Error: Invalid JSON input
[2025-05-18 12:24:32] Error: Invalid JSON input
[2025-05-18 12:24:32] Error: Invalid JSON input
[2025-05-18 12:24:32] Error: Invalid JSON input
[2025-05-18 12:24:32] Error: Invalid JSON input
[2025-05-18 12:24:32] Error: Invalid JSON input
[2025-05-18 12:24:32] Error: Invalid JSON input
[2025-05-18 12:24:32] Error: Invalid JSON input
[2025-05-18 12:24:32] Error: Invalid JSON input
[2025-05-18 12:24:32] Error: Invalid JSON input
[2025-05-18 12:24:32] Error: Invalid JSON input
[2025-05-18 12:24:32] Error: Invalid JSON input
[2025-05-18 12:24:32] Error: Invalid JSON input
[2025-05-18 12:24:32] Error: Invalid JSON input
[2025-05-18 12:24:32] Error: Invalid JSON input
[2025-05-18 12:24:32] Error: Invalid JSON input
[2025-05-18 12:24:32] Error: Invalid JSON input
[2025-05-18 12:24:32] Error: Invalid JSON input
[2025-05-18 12:24:32] Error: Invalid JSON input
[2025-05-18 12:24:32] Error: Invalid JSON input
[2025-05-18 12:24:32] Error: Invalid JSON input
[2025-05-18 12:24:32] Error: Invalid JSON input
[2025-05-18 12:24:32] Error: Invalid JSON input
[2025-05-18 12:24:32] Error: Invalid JSON input
[2025-05-18 12:24:32] Error: Invalid JSON input
[2025-05-18 12:24:32] Error: Invalid JSON input
[2025-05-18 12:24:32] Error: Invalid JSON input
[2025-05-18 12:24:32] Error: Invalid JSON input
[2025-05-18 12:24:32] Error: Invalid JSON input
[2025-05-18 12:24:32] Error: Invalid JSON input
[2025-05-18 12:24:32] Error: Invalid JSON input
[2025-05-18 12:24:32] Error: Invalid JSON input
[2025-05-18 12:24:32] Error: Invalid JSON input
[2025-05-18 12:24:32] Error: Invalid JSON input
[2025-05-18 12:24:32] Error: Invalid JSON input
[2025-05-18 12:24:32] Error: Invalid JSON input
[2025-05-18 12:24:32] Error: Invalid JSON input
[2025-05-18 12:24:32] Error: Invalid JSON input
[2025-05-18 12:24:32] Error: Invalid JSON input
[2025-05-18 12:24:32] Error: Invalid JSON input
[2025-05-18 12:24:32] Error: Invalid JSON input
[2025-05-18 12:24:32] Error: Invalid JSON input
[2025-05-18 12:24:32] Error: Invalid JSON input
[2025-05-18 12:24:32] Error: Invalid JSON input
[2025-05-18 12:24:32] Error: Invalid JSON input
[2025-05-18 12:24:32] Error: Invalid JSON input
[2025-05-18 12:24:32] Error: Invalid JSON input
[2025-05-18 12:24:32] Error: Invalid JSON input
[2025-05-18 12:24:32] Error: Invalid JSON input
[2025-05-18 12:24:32] Error: Invalid JSON input
[2025-05-18 12:24:32] Error: Invalid JSON input
[2025-05-18 12:24:32] Error: Invalid JSON input
[2025-05-18 12:24:32] Error: Invalid JSON input
[2025-05-18 12:24:32] Error: Invalid JSON input
[2025-05-18 12:24:32] Error: Invalid JSON input
[2025-05-18 12:24:32] Error: Invalid JSON input
[2025-05-18 12:24:32] Error: Invalid JSON input
[2025-05-18 12:24:32] Error: Invalid JSON input
[2025-05-18 12:24:32] Error: Invalid JSON input
[2025-05-18 12:24:32] Error: Invalid JSON input
[2025-05-18 12:24:32] Error: Invalid JSON input
[2025-05-18 12:24:32] Error: Invalid JSON input
[2025-05-18 12:24:32] Error: Invalid JSON input
[2025-05-18 12:24:32] Error: Invalid JSON input
[2025-05-18 12:24:32] Error: Invalid JSON input
[2025-05-18 12:24:32] Error: Invalid JSON input
[2025-05-18 12:24:32] Error: Invalid JSON input
[2025-05-18 12:24:32] Error: Invalid JSON input
[2025-05-18 12:24:32] Error: Invalid JSON input
[2025-05-18 12:24:32] Error: Invalid JSON input
[2025-05-18 12:24:32] Error: Invalid JSON input
[2025-05-18 12:24:32] Error: Invalid JSON input
[2025-05-18 12:24:32] Error: Invalid JSON input
[2025-05-18 12:24:32] Error: Invalid JSON input
[2025-05-18 12:24:32] Error: Invalid JSON input
[2025-05-18 12:24:32] Error: Invalid JSON input
[2025-05-18 12:24:32] Error: Invalid JSON input
[2025-05-18 12:24:32] Error: Invalid JSON input
[2025-05-18 12:24:32] Error: Invalid JSON input
[2025-05-18 12:24:32] Error: Invalid JSON input
[2025-05-18 12:24:32] Error: Invalid JSON input
[2025-05-18 12:24:32] Error: Invalid JSON input
[2025-05-18 12:24:32] Error: Invalid JSON input
[2025-05-18 12:24:32] Error: Invalid JSON input
[2025-05-18 12:24:32] Error: Invalid JSON input
[2025-05-18 12:24:32] Error: Invalid JSON input
[2025-05-18 12:24:32] Error: Invalid JSON input
[2025-05-18 12:24:32] Error: Invalid JSON input
[2025-05-18 12:24:32] Error: Invalid JSON input
[2025-05-18 12:24:32] Error: Invalid JSON input
[2025-05-18 12:24:32] Error: Invalid JSON input
[2025-05-18 12:24:32] Error: Invalid JSON input
[2025-05-18 12:24:32] Error: Invalid JSON input
[2025-05-18 12:24:32] Error: Invalid JSON input
[2025-05-18 12:24:32] Error: Invalid JSON input
[2025-05-18 12:24:32] Error: Invalid JSON input
[2025-05-18 12:24:32] Error: Invalid JSON input
[2025-05-18 12:24:32] Error: Invalid JSON input
[2025-05-18 12:24:32] Error: Invalid JSON input
[2025-05-18 12:24:32] Error: Invalid JSON input
[2025-05-18 12:24:32] Error: Invalid JSON input
[2025-05-18 12:24:32] Error: Invalid JSON input
[2025-05-18 12:24:32] Error: Invalid JSON input
[2025-05-18 12:24:32] Error: Invalid JSON input
[2025-05-18 12:24:32] Error: Invalid JSON input
[2025-05-18 12:24:32] Error: Invalid JSON input
[2025-05-18 12:24:32] Error: Invalid JSON input
[2025-05-18 12:24:32] Error: Invalid JSON input
[2025-05-18 12:24:32] Error: Invalid JSON input
[2025-05-18 12:24:32] Error: Invalid JSON input
[2025-05-18 12:24:32] Error: Invalid JSON input
[2025-05-18 12:24:32] Error: Invalid JSON input
[2025-05-18 12:24:32] Error: Invalid JSON input
[2025-05-18 12:24:32] Error: Invalid JSON input
[2025-05-18 12:24:32] Error: Invalid JSON input
[2025-05-18 12:24:32] Error: Invalid JSON input
[2025-05-18 12:24:32] Error: Invalid JSON input
[2025-05-18 12:24:32] Error: Invalid JSON input
[2025-05-18 12:24:32] Error: Invalid JSON input
[2025-05-18 12:24:32] Error: Invalid JSON input
[2025-05-18 12:24:32] Error: Invalid JSON input
[2025-05-18 12:24:32] Error: Invalid JSON input
[2025-05-18 12:24:32] Error: Invalid JSON input
[2025-05-18 12:24:32] Error: Invalid JSON input
[2025-05-18 12:24:32] Error: Invalid JSON input
[2025-05-18 12:24:32] Error: Invalid JSON input
[2025-05-18 12:24:32] Error: Invalid JSON input
[2025-05-18 12:24:32] Error: Invalid JSON input
[2025-05-18 12:24:32] Error: Invalid JSON input
[2025-05-18 12:24:32] Error: Invalid JSON input
[2025-05-18 12:24:32] Error: Invalid JSON input
[2025-05-18 12:24:32] Error: Invalid JSON input
[2025-05-18 12:24:32] Error: Invalid JSON input
[2025-05-18 12:24:32] Error: Invalid JSON input
[2025-05-18 12:24:32] Error: Invalid JSON input
[2025-05-18 12:24:32] Error: Invalid JSON input
[2025-05-18 12:24:32] Error: Invalid JSON input
[2025-05-18 12:24:32] Error: Invalid JSON input
[2025-05-18 12:24:33] Error: Invalid JSON input
[2025-05-18 12:24:33] Error: Invalid JSON input
[2025-05-18 12:24:33] Error: Invalid JSON input
[2025-05-18 12:24:33] Error: Invalid JSON input
[2025-05-18 12:24:33] Error: Invalid JSON input
[2025-05-18 12:24:33] Error: Invalid JSON input
[2025-05-18 12:24:33] Error: Invalid JSON input
[2025-05-18 12:24:33] Error: Invalid JSON input
[2025-05-18 12:24:33] Error: Invalid JSON input
[2025-05-18 12:24:33] Error: Invalid JSON input
[2025-05-18 12:24:33] Error: Invalid JSON input
[2025-05-18 12:24:33] Error: Invalid JSON input
[2025-05-18 12:24:33] Error: Invalid JSON input
[2025-05-18 12:24:33] Error: Invalid JSON input
[2025-05-18 12:24:33] Error: Invalid JSON input
[2025-05-18 12:24:33] Error: Invalid JSON input
[2025-05-18 12:24:33] Error: Invalid JSON input
[2025-05-18 12:24:33] Error: Invalid JSON input
[2025-05-18 12:24:33] Error: Invalid JSON input
[2025-05-18 12:24:33] Error: Invalid JSON input
[2025-05-18 12:24:33] Error: Invalid JSON input
[2025-05-18 12:24:33] Error: Invalid JSON input
[2025-05-18 12:24:33] Error: Invalid JSON input
[2025-05-18 12:24:33] Error: Invalid JSON input
[2025-05-18 12:24:33] Error: Invalid JSON input
[2025-05-18 12:24:33] Error: Invalid JSON input
[2025-05-18 12:24:33] Error: Invalid JSON input
[2025-05-18 12:24:33] Error: Invalid JSON input
[2025-05-18 12:24:33] Error: Invalid JSON input
[2025-05-19 03:56:05] Error: Invalid JSON input
[2025-05-19 03:56:05] Error: Invalid JSON input
[2025-05-19 03:56:05] Error: Invalid JSON input
[2025-05-19 03:56:05] Error: Invalid JSON input
[2025-05-19 03:56:05] Error: Invalid JSON input
[2025-05-19 03:56:05] Error: Invalid JSON input
[2025-05-19 03:56:05] Error: Invalid JSON input
[2025-05-19 03:56:05] Error: Invalid JSON input
[2025-05-19 03:56:05] Error: Invalid JSON input
[2025-05-19 03:56:05] Error: Invalid JSON input
[2025-05-19 03:56:05] Error: Invalid JSON input
[2025-05-19 03:56:05] Error: Invalid JSON input
[2025-05-19 03:56:05] Error: Invalid JSON input
[2025-05-19 03:56:05] Error: Invalid JSON input
[2025-05-19 03:56:05] Error: Invalid JSON input
[2025-05-19 03:56:05] Error: Invalid JSON input
[2025-05-19 03:56:05] Error: Invalid JSON input
[2025-05-19 03:56:05] Error: Invalid JSON input
[2025-05-19 03:56:05] Error: Invalid JSON input
[2025-05-19 03:56:05] Error: Invalid JSON input
[2025-05-19 03:56:05] Error: Invalid JSON input
[2025-05-19 03:56:05] Error: Invalid JSON input
[2025-05-19 03:56:05] Error: Invalid JSON input
[2025-05-19 03:56:05] Error: Invalid JSON input
[2025-05-19 03:56:05] Error: Invalid JSON input
[2025-05-19 03:56:05] Error: Invalid JSON input
[2025-05-19 03:56:05] Error: Invalid JSON input
[2025-05-19 03:56:05] Error: Invalid JSON input
[2025-05-19 03:56:05] Error: Invalid JSON input
[2025-05-19 03:56:05] Error: Invalid JSON input
[2025-05-19 03:56:05] Error: Invalid JSON input
[2025-05-19 03:56:05] Error: Invalid JSON input
[2025-05-19 03:56:05] Error: Invalid JSON input
[2025-05-19 03:56:05] Error: Invalid JSON input
[2025-05-19 03:56:05] Error: Invalid JSON input
[2025-05-19 03:56:05] Error: Invalid JSON input
[2025-05-19 03:56:05] Error: Invalid JSON input
[2025-05-19 03:56:05] Error: Invalid JSON input
[2025-05-19 03:56:05] Error: Invalid JSON input
[2025-05-19 03:56:05] Error: Invalid JSON input
[2025-05-19 03:56:05] Error: Invalid JSON input
[2025-05-19 03:56:05] Error: Invalid JSON input
[2025-05-19 03:56:05] Error: Invalid JSON input
[2025-05-19 03:56:05] Error: Invalid JSON input
[2025-05-19 03:56:05] Error: Invalid JSON input
[2025-05-19 03:56:05] Error: Invalid JSON input
[2025-05-19 03:56:05] Error: Invalid JSON input
[2025-05-19 03:56:05] Error: Invalid JSON input
[2025-05-19 03:56:05] Error: Invalid JSON input
[2025-05-19 03:56:05] Error: Invalid JSON input
[2025-05-19 03:56:05] Error: Invalid JSON input
[2025-05-19 03:56:05] Error: Invalid JSON input
[2025-05-19 03:56:05] Error: Invalid JSON input
[2025-05-19 03:56:05] Error: Invalid JSON input
[2025-05-19 03:56:05] Error: Invalid JSON input
[2025-05-19 03:56:05] Error: Invalid JSON input
[2025-05-19 03:56:05] Error: Invalid JSON input
[2025-05-19 03:56:05] Error: Invalid JSON input
[2025-05-19 03:56:05] Error: Invalid JSON input
[2025-05-19 03:56:05] Error: Invalid JSON input
[2025-05-19 03:56:05] Error: Invalid JSON input
[2025-05-19 03:56:05] Error: Invalid JSON input
[2025-05-19 03:56:05] Error: Invalid JSON input
[2025-05-19 03:56:05] Error: Invalid JSON input
[2025-05-19 03:56:05] Error: Invalid JSON input
[2025-05-19 03:56:05] Error: Invalid JSON input
[2025-05-19 03:56:05] Error: Invalid JSON input
[2025-05-19 03:56:05] Error: Invalid JSON input
[2025-05-19 03:56:05] Error: Invalid JSON input
[2025-05-19 03:56:05] Error: Invalid JSON input
[2025-05-19 03:56:05] Error: Invalid JSON input
[2025-05-19 03:56:05] Error: Invalid JSON input
[2025-05-19 03:56:05] Error: Invalid JSON input
[2025-05-19 03:56:05] Error: Invalid JSON input
[2025-05-19 03:56:05] Error: Invalid JSON input
[2025-05-19 03:56:05] Error: Invalid JSON input
[2025-05-19 03:56:05] Error: Invalid JSON input
[2025-05-19 03:56:05] Error: Invalid JSON input
[2025-05-19 03:56:05] Error: Invalid JSON input
[2025-05-19 03:56:05] Error: Invalid JSON input
[2025-05-19 03:56:05] Error: Invalid JSON input
[2025-05-19 03:56:05] Error: Invalid JSON input
[2025-05-19 03:56:05] Error: Invalid JSON input
[2025-05-19 03:56:05] Error: Invalid JSON input
[2025-05-19 03:56:05] Error: Invalid JSON input
[2025-05-19 03:56:05] Error: Invalid JSON input
[2025-05-19 03:56:05] Error: Invalid JSON input
[2025-05-19 03:56:05] Error: Invalid JSON input
[2025-05-19 03:56:05] Error: Invalid JSON input
[2025-05-19 03:56:05] Error: Invalid JSON input
[2025-05-19 03:56:05] Error: Invalid JSON input
[2025-05-19 03:56:05] Error: Invalid JSON input
[2025-05-19 03:56:05] Error: Invalid JSON input
[2025-05-19 03:56:05] Error: Invalid JSON input
[2025-05-19 03:56:05] Error: Invalid JSON input
[2025-05-19 03:56:05] Error: Invalid JSON input
[2025-05-19 03:56:05] Error: Invalid JSON input
[2025-05-19 03:56:05] Error: Invalid JSON input
[2025-05-19 03:56:05] Error: Invalid JSON input
[2025-05-19 03:56:05] Error: Invalid JSON input
[2025-05-19 03:56:05] Error: Invalid JSON input
[2025-05-19 03:56:05] Error: Invalid JSON input
[2025-05-19 03:56:05] Error: Invalid JSON input
[2025-05-19 03:56:05] Error: Invalid JSON input
[2025-05-19 03:56:05] Error: Invalid JSON input
[2025-05-19 03:56:05] Error: Invalid JSON input
[2025-05-19 03:56:05] Error: Invalid JSON input
[2025-05-19 03:56:05] Error: Invalid JSON input
[2025-05-19 03:56:05] Error: Invalid JSON input
[2025-05-19 03:56:05] Error: Invalid JSON input
[2025-05-19 03:56:05] Error: Invalid JSON input
[2025-05-19 03:56:05] Error: Invalid JSON input
[2025-05-19 03:56:05] Error: Invalid JSON input
[2025-05-19 03:56:05] Error: Invalid JSON input
[2025-05-19 03:56:05] Error: Invalid JSON input
[2025-05-19 03:56:05] Error: Invalid JSON input
[2025-05-19 03:56:05] Error: Invalid JSON input
[2025-05-19 03:56:05] Error: Invalid JSON input
[2025-05-19 03:56:05] Error: Invalid JSON input
[2025-05-19 03:56:05] Error: Invalid JSON input
[2025-05-19 03:56:05] Error: Invalid JSON input
[2025-05-19 03:56:05] Error: Invalid JSON input
[2025-05-19 03:56:05] Error: Invalid JSON input
[2025-05-19 03:56:05] Error: Invalid JSON input
[2025-05-19 03:56:05] Error: Invalid JSON input
[2025-05-19 03:56:05] Error: Invalid JSON input
[2025-05-19 03:56:05] Error: Invalid JSON input
[2025-05-19 03:56:05] Error: Invalid JSON input
[2025-05-19 03:56:05] Error: Invalid JSON input
[2025-05-19 03:56:05] Error: Invalid JSON input
[2025-05-19 03:56:05] Error: Invalid JSON input
[2025-05-19 03:56:05] Error: Invalid JSON input
[2025-05-23 04:19:06] Error: Email already registered
[2025-05-23 04:20:19] Error: Email already registered
[2025-05-23 04:23:02] Error: Email already registered
[2025-05-23 05:14:19] Error: Email already registered
[2025-05-23 05:14:25] Error: Email already registered
[2025-05-23 05:14:30] Error: Email already registered
[2025-05-23 05:14:35] Error: Email already registered
[2025-05-23 05:14:41] Error: Email already registered
[2025-05-23 05:14:46] Error: Email already registered
[2025-05-23 05:14:51] Error: Email already registered
[2025-05-23 05:14:56] Error: Email already registered
[2025-05-23 05:15:02] Error: Email already registered
[2025-05-23 05:27:11] Error: Email already registered
[2025-05-23 05:27:17] Error: Email already registered
[2025-05-23 05:27:23] Error: Email already registered
[2025-05-23 05:27:28] Error: Email already registered
[2025-05-23 05:27:33] Error: Email already registered
[2025-05-23 05:27:37] Error: Email already registered
[2025-05-23 05:27:42] Error: Email already registered
[2025-05-23 05:27:48] Error: Email already registered
[2025-05-23 05:27:52] Error: Email already registered
[2025-05-23 05:27:57] Error: Email already registered
[2025-05-27 13:18:52] Error: Email already registered
[2025-05-27 13:19:04] Error: Email already registered
[2025-05-27 13:28:36] Error: Email already registered
